<?xml version="1.0" encoding="UTF-8"?>
<testng-results ignored="0" total="2" passed="2" failed="0" skipped="0">
  <reporter-output>
  </reporter-output>
  <suite started-at="2020-07-06T10:48:40 IST" name="gur99CustomerV1" finished-at="2020-07-06T10:49:39 IST" duration-ms="58718">
    <groups>
    </groups>
    <test started-at="2020-07-06T10:48:40 IST" name="Banking App Test" finished-at="2020-07-06T10:49:39 IST" duration-ms="58718">
      <class name="com.gur99Customer.testCases.ValidateHome">
        <test-method signature="homeVal()[pri:0, instance:com.gur99Customer.testCases.ValidateHome@69b794e2]" started-at="2020-07-06T10:48:40 IST" name="homeVal" finished-at="2020-07-06T10:49:06 IST" duration-ms="25977" status="PASS">
          <reporter-output>
          </reporter-output>
        </test-method> <!-- homeVal -->
      </class> <!-- com.gur99Customer.testCases.ValidateHome -->
      <class name="com.gur99Customer.testCases.Login">
        <test-method signature="loginPage()[pri:0, instance:com.gur99Customer.testCases.Login@3f200884]" started-at="2020-07-06T10:49:06 IST" name="loginPage" finished-at="2020-07-06T10:49:39 IST" duration-ms="32677" status="PASS">
          <reporter-output>
          </reporter-output>
        </test-method> <!-- loginPage -->
      </class> <!-- com.gur99Customer.testCases.Login -->
    </test> <!-- Banking App Test -->
  </suite> <!-- gur99CustomerV1 -->
</testng-results>
