<?xml version="1.0" encoding="UTF-8"?>
<testsuite xmlns:xsi="http://www.w3.org/2001/XMLSchema-instance" xsi:noNamespaceSchemaLocation="https://maven.apache.org/surefire/maven-surefire-plugin/xsd/surefire-test-report.xsd" name="TestSuite" time="60.805" tests="2" errors="0" skipped="0" failures="0">
  <properties>
[...]
</properties>
  <testcase name="homeVal" classname="com.gur99Customer.testCases.ValidateHome" time="25.977"/>
  <testcase name="loginPage" classname="com.gur99Customer.testCases.Login" time="32.678"/>
</testsuite>