<?xml version="1.0" encoding="UTF-8"?>
<testng-results ignored="0" total="2" passed="2" failed="0" skipped="0">
  <reporter-output>
  </reporter-output>
  <suite started-at="2020-07-05T20:29:35 IST" name="gur99CustomerV1" finished-at="2020-07-05T20:30:15 IST" duration-ms="40012">
    <groups>
    </groups>
    <test started-at="2020-07-05T20:29:35 IST" name="Banking App Test" finished-at="2020-07-05T20:30:15 IST" duration-ms="40012">
      <class name="com.gur99Customer.testCases.ValidateHome">
        <test-method signature="homeVal()[pri:0, instance:com.gur99Customer.testCases.ValidateHome@7ea37dbf]" started-at="2020-07-05T20:29:36 IST" name="homeVal" finished-at="2020-07-05T20:30:01 IST" duration-ms="25432" status="PASS">
          <reporter-output>
          </reporter-output>
        </test-method> <!-- homeVal -->
      </class> <!-- com.gur99Customer.testCases.ValidateHome -->
      <class name="com.gur99Customer.testCases.Login">
        <test-method signature="loginPage()[pri:0, instance:com.gur99Customer.testCases.Login@4b44655e]" started-at="2020-07-05T20:30:01 IST" name="loginPage" finished-at="2020-07-05T20:30:15 IST" duration-ms="14508" status="PASS">
          <reporter-output>
          </reporter-output>
        </test-method> <!-- loginPage -->
      </class> <!-- com.gur99Customer.testCases.Login -->
    </test> <!-- Banking App Test -->
  </suite> <!-- gur99CustomerV1 -->
</testng-results>
